2025-02-16 20:06:08,767 INFO: [31m[1mWARNING: This is a development server. Do not use it in a production deployment. Use a production WSGI server instead.[0m
 * Running on http://127.0.0.1:5000
2025-02-16 20:06:08,767 INFO: [33mPress CTRL+C to quit[0m
2025-02-16 20:06:08,770 INFO:  * Restarting with stat
2025-02-16 20:06:10,747 WARNING:  * Debugger is active!
2025-02-16 20:06:10,761 INFO:  * Debugger PIN: 431-924-586
2025-02-16 20:06:19,982 INFO:  * Detected change in 'C:\\Users\\DELL\\Documents\\chatbot_gemini\\main.py', reloading
2025-02-16 20:06:20,086 INFO:  * Restarting with stat
2025-02-16 20:06:22,234 WARNING:  * Debugger is active!
2025-02-16 20:06:22,247 INFO:  * Debugger PIN: 431-924-586
2025-02-16 20:06:28,411 INFO: [31m[1mWARNING: This is a development server. Do not use it in a production deployment. Use a production WSGI server instead.[0m
 * Running on http://127.0.0.1:5000
2025-02-16 20:06:28,413 INFO: [33mPress CTRL+C to quit[0m
2025-02-16 20:06:28,415 INFO:  * Restarting with stat
2025-02-16 20:06:35,942 INFO: [31m[1mWARNING: This is a development server. Do not use it in a production deployment. Use a production WSGI server instead.[0m
 * Running on http://127.0.0.1:5000
2025-02-16 20:06:35,942 INFO: [33mPress CTRL+C to quit[0m
2025-02-16 20:06:35,945 INFO:  * Restarting with stat
2025-02-16 20:07:01,622 INFO: [31m[1mWARNING: This is a development server. Do not use it in a production deployment. Use a production WSGI server instead.[0m
 * Running on http://127.0.0.1:5000
2025-02-16 20:07:01,622 INFO: [33mPress CTRL+C to quit[0m
2025-02-16 20:07:01,625 INFO:  * Restarting with stat
2025-02-16 20:07:03,550 WARNING:  * Debugger is active!
2025-02-16 20:07:03,563 INFO:  * Debugger PIN: 431-924-586
2025-02-16 20:10:39,786 INFO:  * Detected change in 'C:\\Users\\DELL\\Documents\\chatbot_gemini\\main.py', reloading
2025-02-16 20:10:39,926 INFO:  * Restarting with stat
2025-02-16 20:10:42,842 WARNING:  * Debugger is active!
2025-02-16 20:10:42,856 INFO:  * Debugger PIN: 431-924-586
2025-02-16 20:10:47,754 INFO: [31m[1mWARNING: This is a development server. Do not use it in a production deployment. Use a production WSGI server instead.[0m
 * Running on http://127.0.0.1:5000
2025-02-16 20:10:47,755 INFO: [33mPress CTRL+C to quit[0m
2025-02-16 20:10:47,757 INFO:  * Restarting with stat
2025-02-16 20:10:49,703 WARNING:  * Debugger is active!
2025-02-16 20:10:49,717 INFO:  * Debugger PIN: 431-924-586
2025-02-16 20:11:04,414 INFO: 127.0.0.1 - - [16/Feb/2025 20:11:04] "GET / HTTP/1.1" 200 -
2025-02-16 20:11:21,313 INFO: [31m[1mWARNING: This is a development server. Do not use it in a production deployment. Use a production WSGI server instead.[0m
 * Running on http://127.0.0.1:5000
2025-02-16 20:11:21,314 INFO: [33mPress CTRL+C to quit[0m
2025-02-16 20:11:21,316 INFO:  * Restarting with stat
2025-02-16 20:12:05,484 INFO: [31m[1mWARNING: This is a development server. Do not use it in a production deployment. Use a production WSGI server instead.[0m
 * Running on http://127.0.0.1:5000
2025-02-16 20:12:05,484 INFO: [33mPress CTRL+C to quit[0m
2025-02-16 20:12:39,389 INFO: [31m[1mWARNING: This is a development server. Do not use it in a production deployment. Use a production WSGI server instead.[0m
 * Running on http://127.0.0.1:5000
2025-02-16 20:12:39,389 INFO: [33mPress CTRL+C to quit[0m
2025-02-16 20:12:39,391 INFO:  * Restarting with stat
2025-02-16 20:23:37,461 INFO: [31m[1mWARNING: This is a development server. Do not use it in a production deployment. Use a production WSGI server instead.[0m
 * Running on http://127.0.0.1:8080
2025-02-16 20:23:37,462 INFO: [33mPress CTRL+C to quit[0m
2025-02-16 20:23:37,465 INFO:  * Restarting with stat
2025-02-16 20:41:31,292 INFO: [31m[1mWARNING: This is a development server. Do not use it in a production deployment. Use a production WSGI server instead.[0m
 * Running on http://127.0.0.1:8080
2025-02-16 20:41:31,292 INFO: [33mPress CTRL+C to quit[0m
2025-02-16 20:41:31,295 INFO:  * Restarting with stat
2025-02-16 20:41:33,323 WARNING:  * Debugger is active!
2025-02-16 20:41:33,341 INFO:  * Debugger PIN: 431-924-586
2025-02-16 20:41:47,661 INFO: [31m[1mWARNING: This is a development server. Do not use it in a production deployment. Use a production WSGI server instead.[0m
 * Running on http://127.0.0.1:8080
2025-02-16 20:41:47,662 INFO: [33mPress CTRL+C to quit[0m
2025-02-16 20:41:47,664 INFO:  * Restarting with stat
2025-02-16 20:41:50,408 WARNING:  * Debugger is active!
2025-02-16 20:41:50,426 INFO:  * Debugger PIN: 431-924-586
2025-02-16 20:43:05,197 INFO: [31m[1mWARNING: This is a development server. Do not use it in a production deployment. Use a production WSGI server instead.[0m
 * Running on http://127.0.0.1:5000
2025-02-16 20:43:05,198 INFO: [33mPress CTRL+C to quit[0m
2025-02-16 20:43:05,200 INFO:  * Restarting with stat
2025-02-16 20:43:07,210 WARNING:  * Debugger is active!
2025-02-16 20:43:07,222 INFO:  * Debugger PIN: 431-924-586
2025-02-16 20:46:34,163 WARNING:  * Debugger is active!
2025-02-16 20:46:34,175 INFO:  * Debugger PIN: 431-924-586
2025-02-16 20:46:41,293 INFO: [31m[1mWARNING: This is a development server. Do not use it in a production deployment. Use a production WSGI server instead.[0m
 * Running on http://127.0.0.1:8080
2025-02-16 20:46:41,294 INFO: [33mPress CTRL+C to quit[0m
2025-02-16 20:46:41,296 INFO:  * Restarting with stat
2025-02-16 20:46:43,287 WARNING:  * Debugger is active!
2025-02-16 20:46:43,300 INFO:  * Debugger PIN: 431-924-586
